# JRE version: OpenJDK Runtime Environment (8.0_372-b07) (build 1.8.0_372-b07)
# Java VM: OpenJDK 64-Bit Server VM (25.372-b07 mixed mode windows-amd64 compressed oops)
Heap:
 PSYoungGen      total 1147392K, used 812334K [0x000000076c380000, 0x00000007c0000000, 0x00000007c0000000)
  eden space 927744K, 71% used [0x000000076c380000,0x0000000794d3b1c8,0x00000007a4d80000)
  from space 219648K, 66% used [0x00000007b2300000,0x00000007bb2906b0,0x00000007bf980000)
  to   space 218624K, 0% used [0x00000007a4d80000,0x00000007a4d80000,0x00000007b2300000)
 ParOldGen       total 454656K, used 298964K [0x00000006c4a00000, 0x00000006e0600000, 0x000000076c380000)
  object space 454656K, 65% used [0x00000006c4a00000,0x00000006d6df53b8,0x00000006e0600000)
 Metaspace       used 61361K, capacity 65162K, committed 66816K, reserved 1107968K
  class space    used 8032K, capacity 8616K, committed 8960K, reserved 1048576K
GC Heap History (10 events):
Event: 383.931 GC heap before
{Heap before GC invocations=44 (full 4):
 PSYoungGen      total 1069568K, used 1069249K [0x000000076c380000, 0x00000007c0000000, 0x00000007c0000000)
  eden space 926208K, 100% used [0x000000076c380000,0x00000007a4c00000,0x00000007a4c00000)
  from space 143360K, 99% used [0x00000007a4c00000,0x00000007ad7b0690,0x00000007ad800000)
  to   space 224256K, 0% used [0x00000007b2500000,0x00000007b2500000,0x00000007c0000000)
 ParOldGen       total 454656K, used 298124K [0x00000006c4a00000, 0x00000006e0600000, 0x000000076c380000)
  object space 454656K, 65% used [0x00000006c4a00000,0x00000006d6d23328,0x00000006e0600000)
 Metaspace       used 61339K, capacity 65162K, committed 66816K, reserved 1107968K
  class space    used 8031K, capacity 8616K, committed 8960K, reserved 1048576K
Event: 383.962 GC heap after
Heap after GC invocations=44 (full 4):
 PSYoungGen      total 1147392K, used 144817K [0x000000076c380000, 0x00000007c0000000, 0x00000007c0000000)
  eden space 923136K, 0% used [0x000000076c380000,0x000000076c380000,0x00000007a4900000)
  from space 224256K, 64% used [0x00000007b2500000,0x00000007bb26c6b0,0x00000007c0000000)
  to   space 224768K, 0% used [0x00000007a4900000,0x00000007a4900000,0x00000007b2480000)
 ParOldGen       total 454656K, used 298124K [0x00000006c4a00000, 0x00000006e0600000, 0x000000076c380000)
  object space 454656K, 65% used [0x00000006c4a00000,0x00000006d6d23328,0x00000006e0600000)
 Metaspace       used 61339K, capacity 65162K, committed 66816K, reserved 1107968K
  class space    used 8031K, capacity 8616K, committed 8960K, reserved 1048576K
}
Event: 398.255 GC heap before
{Heap before GC invocations=45 (full 4):
 PSYoungGen      total 1147392K, used 1067953K [0x000000076c380000, 0x00000007c0000000, 0x00000007c0000000)
  eden space 923136K, 100% used [0x000000076c380000,0x00000007a4900000,0x00000007a4900000)
  from space 224256K, 64% used [0x00000007b2500000,0x00000007bb26c6b0,0x00000007c0000000)
  to   space 224768K, 0% used [0x00000007a4900000,0x00000007a4900000,0x00000007b2480000)
 ParOldGen       total 454656K, used 298124K [0x00000006c4a00000, 0x00000006e0600000, 0x000000076c380000)
  object space 454656K, 65% used [0x00000006c4a00000,0x00000006d6d23328,0x00000006e0600000)
 Metaspace       used 61342K, capacity 65162K, committed 66816K, reserved 1107968K
  class space    used 8032K, capacity 8616K, committed 8960K, reserved 1048576K
Event: 398.285 GC heap after
Heap after GC invocations=45 (full 4):
 PSYoungGen      total 1064960K, used 141537K [0x000000076c380000, 0x00000007bfe80000, 0x00000007c0000000)
  eden space 923136K, 0% used [0x000000076c380000,0x000000076c380000,0x00000007a4900000)
  from space 141824K, 99% used [0x00000007a4900000,0x00000007ad338630,0x00000007ad380000)
  to   space 223744K, 0% used [0x00000007b2400000,0x00000007b2400000,0x00000007bfe80000)
 ParOldGen       total 454656K, used 298124K [0x00000006c4a00000, 0x00000006e0600000, 0x000000076c380000)
  object space 454656K, 65% used [0x00000006c4a00000,0x00000006d6d23328,0x00000006e0600000)
 Metaspace       used 61342K, capacity 65162K, committed 66816K, reserved 1107968K
  class space    used 8032K, capacity 8616K, committed 8960K, reserved 1048576K
}
Event: 412.423 GC heap before
{Heap before GC invocations=46 (full 4):
 PSYoungGen      total 1064960K, used 1064673K [0x000000076c380000, 0x00000007bfe80000, 0x00000007c0000000)
  eden space 923136K, 100% used [0x000000076c380000,0x00000007a4900000,0x00000007a4900000)
  from space 141824K, 99% used [0x00000007a4900000,0x00000007ad338630,0x00000007ad380000)
  to   space 223744K, 0% used [0x00000007b2400000,0x00000007b2400000,0x00000007bfe80000)
 ParOldGen       total 454656K, used 298124K [0x00000006c4a00000, 0x00000006e0600000, 0x000000076c380000)
  object space 454656K, 65% used [0x00000006c4a00000,0x00000006d6d23328,0x00000006e0600000)
 Metaspace       used 61343K, capacity 65162K, committed 66816K, reserved 1107968K
  class space    used 8032K, capacity 8616K, committed 8960K, reserved 1048576K
Event: 412.454 GC heap after
Heap after GC invocations=46 (full 4):
 PSYoungGen      total 1148928K, used 142769K [0x000000076c380000, 0x00000007c0000000, 0x00000007c0000000)
  eden space 925184K, 0% used [0x000000076c380000,0x000000076c380000,0x00000007a4b00000)
  from space 223744K, 63% used [0x00000007b2400000,0x00000007baf6c630,0x00000007bfe80000)
  to   space 222208K, 0% used [0x00000007a4b00000,0x00000007a4b00000,0x00000007b2400000)
 ParOldGen       total 454656K, used 298332K [0x00000006c4a00000, 0x00000006e0600000, 0x000000076c380000)
  object space 454656K, 65% used [0x00000006c4a00000,0x00000006d6d57328,0x00000006e0600000)
 Metaspace       used 61343K, capacity 65162K, committed 66816K, reserved 1107968K
  class space    used 8032K, capacity 8616K, committed 8960K, reserved 1048576K
}
Event: 424.901 GC heap before
{Heap before GC invocations=47 (full 4):
 PSYoungGen      total 1148928K, used 1067953K [0x000000076c380000, 0x00000007c0000000, 0x00000007c0000000)
  eden space 925184K, 100% used [0x000000076c380000,0x00000007a4b00000,0x00000007a4b00000)
  from space 223744K, 63% used [0x00000007b2400000,0x00000007baf6c630,0x00000007bfe80000)
  to   space 222208K, 0% used [0x00000007a4b00000,0x00000007a4b00000,0x00000007b2400000)
 ParOldGen       total 454656K, used 298332K [0x00000006c4a00000, 0x00000006e0600000, 0x000000076c380000)
  object space 454656K, 65% used [0x00000006c4a00000,0x00000006d6d57328,0x00000006e0600000)
 Metaspace       used 61345K, capacity 65162K, committed 66816K, reserved 1107968K
  class space    used 8032K, capacity 8616K, committed 8960K, reserved 1048576K
Event: 424.930 GC heap after
Heap after GC invocations=47 (full 4):
 PSYoungGen      total 1067008K, used 141601K [0x000000076c380000, 0x00000007bf980000, 0x00000007c0000000)
  eden space 925184K, 0% used [0x000000076c380000,0x000000076c380000,0x00000007a4b00000)
  from space 141824K, 99% used [0x00000007a4b00000,0x00000007ad5486a0,0x00000007ad580000)
  to   space 219648K, 0% used [0x00000007b2300000,0x00000007b2300000,0x00000007bf980000)
 ParOldGen       total 454656K, used 298556K [0x00000006c4a00000, 0x00000006e0600000, 0x000000076c380000)
  object space 454656K, 65% used [0x00000006c4a00000,0x00000006d6d8f328,0x00000006e0600000)
 Metaspace       used 61345K, capacity 65162K, committed 66816K, reserved 1107968K
  class space    used 8032K, capacity 8616K, committed 8960K, reserved 1048576K
}
Event: 439.955 GC heap before
{Heap before GC invocations=48 (full 4):
 PSYoungGen      total 1067008K, used 1066785K [0x000000076c380000, 0x00000007bf980000, 0x00000007c0000000)
  eden space 925184K, 100% used [0x000000076c380000,0x00000007a4b00000,0x00000007a4b00000)
  from space 141824K, 99% used [0x00000007a4b00000,0x00000007ad5486a0,0x00000007ad580000)
  to   space 219648K, 0% used [0x00000007b2300000,0x00000007b2300000,0x00000007bf980000)
 ParOldGen       total 454656K, used 298556K [0x00000006c4a00000, 0x00000006e0600000, 0x000000076c380000)
  object space 454656K, 65% used [0x00000006c4a00000,0x00000006d6d8f328,0x00000006e0600000)
 Metaspace       used 61355K, capacity 65162K, committed 66816K, reserved 1107968K
  class space    used 8032K, capacity 8616K, committed 8960K, reserved 1048576K
Event: 439.986 GC heap after
Heap after GC invocations=48 (full 4):
 PSYoungGen      total 1147392K, used 147009K [0x000000076c380000, 0x00000007c0000000, 0x00000007c0000000)
  eden space 927744K, 0% used [0x000000076c380000,0x000000076c380000,0x00000007a4d80000)
  from space 219648K, 66% used [0x00000007b2300000,0x00000007bb2906b0,0x00000007bf980000)
  to   space 218624K, 0% used [0x00000007a4d80000,0x00000007a4d80000,0x00000007b2300000)
 ParOldGen       total 454656K, used 298964K [0x00000006c4a00000, 0x00000006e0600000, 0x000000076c380000)
  object space 454656K, 65% used [0x00000006c4a00000,0x00000006d6df53b8,0x00000006e0600000)
 Metaspace       used 61355K, capacity 65162K, committed 66816K, reserved 1107968K
  class space    used 8032K, capacity 8616K, committed 8960K, reserved 1048576K
}

